Error BASE/1132  Bound error: array access
Funcoes: HRBFUN.PRG->SETCOR(38)
Funcoes: SACROT.PRG->IMP_ARQ(6201)
Funcoes: ->ERRORPREVIEW(140)
Funcoes: ->DEFERROR(84)
Funcoes: errorsys.prg->(b)ERRORSYS(18)
Funcoes: HRBFUN.PRG->SETCOR(38)
Funcoes: SACROT.PRG->IMP_ARQ(6201)
Funcoes: ->ERRORPREVIEW(140)
Funcoes: ->DEFERROR(84)
Funcoes: errorsys.prg->(b)ERRORSYS(18)
Funcoes: HRBFUN.PRG->SETCOR(38)
Funcoes: SACROT.PRG->IMP_ARQ(6201)
Funcoes: ->ERRORPREVIEW(140)
Funcoes: ->DEFERROR(84)
Funcoes: errorsys.prg->(b)ERRORSYS(18)
Funcoes: HRBFUN.PRG->SETCOR(38)
Funcoes: SACROT.PRG->IMP_ARQ(6201)
Funcoes: ->ERRORPREVIEW(140)
Funcoes: ->DEFERROR(84)
Funcoes: errorsys.prg->(b)ERRORSYS(18)
Funcoes: HRBFUN.PRG->SETCOR(38)
Funcoes: SACROT.PRG->IMP_ARQ(6201)
Funcoes: ->ERRORPREVIEW(140)
Funcoes: ->DEFERROR(84)
Funcoes: errorsys.prg->(b)ERRORSYS(18)
Funcoes: HRBFUN.PRG->SETCOR(38)
Funcoes: SACROT.PRG->IMP_ARQ(6201)
Funcoes: ->ERRORPREVIEW(140)
Funcoes: ->DEFERROR(84)
Funcoes: errorsys.prg->(b)ERRORSYS(18)
Funcoes: HRBFUN.PRG->SETCOR(38)
Funcoes: SACROT.PRG->IMP_ARQ(6201)
Funcoes: ->ERRORPREVIEW(140)
Funcoes: ->DEFERROR(84)
Funcoes: errorsys.prg->(b)ERRORSYS(18)
Funcoes: HRBFUN.PRG->SETCOR(38)
Funcoes: SACROT.PRG->IMP_ARQ(6201)
Funcoes: ->ERRORPREVIEW(140)
Funcoes: ->DEFERROR(84)
Funcoes: errorsys.prg->(b)ERRORSYS(18)
Funcoes: twindows.prg->WVW_TWINDOW:SETUP(1091)
Funcoes: SISCOM.000->MAIN(412)
************************************************************************************************************************
Data e Hora........: 10/21/22 - 19:36:16
Empresa............: .: HTI Sistemas Ltda :.
Sistema/Atualizacao: .: SISCOM :. Sistema Automacao Comercial - v22.10.18a
Usuario do Sistema.:    
Nome do Executavel.: C:\HELIO\siachb\SISCOM.EXE
Nome do Micro......: HELIO1 - Nome Terminal: helio
Memoria Disponivel.: 2097151 - Espaço em Disco....: 134067728384
Pasta de Diretorio.: HELIO\siachb
Sistema Operacional: Windows NT Professional 6.02.9200
Caminho do Banco...: 