Error SR_FIREBIRD/0  SQLExecDirect Error
Dynamic SQL Error - Native error code 335544569
Command sent to database : 
SELECT datpag,tip_for,fornec,cliente,tipo,duplicata,venc,valor,vlpago,nbanco,cheque,tp_pag,obs_b,obs FROM sacdupp WHERE datpag >= '2001/01/01' AND datpag <= '2022/12/31' AND pago = 'B' ORDER BY datpag,tipo,duplicata,fornec
Steatment handle  :          0
Connection handle : 
RetCode           :         -1
 - RollBack executed.
Funcoes: ->THROW(0)
Funcoes: sqlconnection.prg->SR_FIREBIRD:RUNTIMEERR(728)
Funcoes: sqlconnection.prg->SR_FIREBIRD:EXEC(299)
Funcoes: CON414.PRG->CON414(128)
Funcoes: CON41.PRG->CON41(36)
Funcoes: SAC00.PRG->AFTERINKEY(2347)
Funcoes: SAC00.PRG->(b)SAC0(1404)
Funcoes: ->INKEY(0)
Funcoes: SAC00.PRG->SAC0(1434)
Funcoes: SACROT1.PRG->SENHA(824)
Funcoes: SISCOM.PRG->MAIN(1129)
************************************************************************************************************************
Data e Hora........: 12/12/22 - 09:59:06
Empresa............: DOCE GOSTO MAIS
Sistema/Atualizacao: .: SISCOM :. Sistema Automacao Comercial - v22.12.08
Usuario do Sistema.: 999
Nome do Executavel.: C:\HELIO\siachb\SISCOM.EXE
Nome do Micro......: HELIO1 - Nome Terminal: helio
Memoria Disponivel.: 2097151 - Espaço em Disco....: 124936339456
Pasta de Diretorio.: HELIO\siachb
Sistema Operacional: Windows NT Professional 6.02.9200
Caminho do Banco...: localhost:C:\HELIO\SIACHB\SISCOM.GDB