Error BASE/1003  No existe la variable: K_ESC
Funcoes: SMEDALBUM.PRG->SMEDALBUM(102)
Funcoes: HRBFUN.PRG->F7_CLI(6931)
Funcoes: SAC00.PRG->AFTERINKEY(1588)
Funcoes: SAC00.PRG->(b)SAC0(1383)
Funcoes: ->INKEY(0)
Funcoes: SAC00.PRG->SAC0(1413)
Funcoes: SACROT1.PRG->SENHA(822)
Funcoes: SISCOM.PRG->MAIN(1378)
************************************************************************************************************************
Data e Hora........: 25/10/22 - 11:09:55
Empresa............: DOCE GOSTO MAIS
Sistema/Atualizacao: .: SISCOM :. Sistema Automacao Comercial - v22.10.24
Usuario do Sistema.: 999
Nome do Executavel.: C:\HELIO\siachb\SISCOM.EXE
Nome do Micro......: HELIO1 - Nome Terminal: helio
Memoria Disponivel.: 2097151 - Espaço em Disco....: 133576695808
Pasta de Diretorio.: HELIO\siachb
Sistema Operacional: Windows NT Professional 6.02.9200
Caminho do Banco...: localhost:C:\HELIO\SIACHB\SISCOM.GDB