Error SR_FIREBIRD/0  SQLExecDirect Error
Dynamic SQL Error - Native error code 335544569
Command sent to database : 
SELECT mov.cod_vend,sen.nome,sen.scota,sum(iif(mov.data_s_e between '2022/11/01' and '2022/11/30', (mov.vl_vend * mov.quantd),0)),sum(iif(mov.data_s_e between '2022/10/01' and '2022/10/31', (mov.vl_vend * mov.quantd),0)),sum(iif(mov.data_s_e between '2022/09/01' and '2022/09/30', (mov.vl_vend * mov.quantd),0)),sum(iif(mov.data_s_e between '2022/09/01' and '2022/11/30', (mov.vl_vend * mov.quantd),0)) FROM sacmov mov JOIN insopera sen ON sen.scod_op = mov.cod_vend WHERE tipo = '02' AND cancel IS NULL AND ent_sai = 'S' AND devolucao IS NULL AND NOT num_ped = 'CUPOME' AND ( documento like 'PD%' OR  documento like 'CP%') AND cod_vend IS NOT NULL AND documento NOT LIKE 'TR%' AND documento NOT LIKE 'BL%' GROUP BY mov.cod_vend,sen.nome,sen.scota ORDER BY 7 DESC
Steatment handle  :          0
Connection handle : 
RetCode           :         -1
 - RollBack executed.
Funcoes: ->THROW(0)
Funcoes: sqlconnection.prg->SR_FIREBIRD:RUNTIMEERR(728)
Funcoes: sqlconnection.prg->SR_FIREBIRD:EXEC(299)
Funcoes: SACDASH.PRG->SACDASH(61)
Funcoes: SAC00.PRG->(b)SAC0(544)
Funcoes: ->INKEY(0)
Funcoes: SAC00.PRG->SAC0(1412)
Funcoes: SACROT1.PRG->SENHA(822)
Funcoes: SISCOM.PRG->MAIN(1127)
************************************************************************************************************************
Data e Hora........: 01/11/22 - 09:04:09
Empresa............: DOCE GOSTO MAIS
Sistema/Atualizacao: .: SISCOM :. Sistema Automacao Comercial - v22.10.28
Usuario do Sistema.: 999
Nome do Executavel.: C:\HELIO\siachb\SISCOM.EXE
Nome do Micro......: HELIO1 - Nome Terminal: helio
Memoria Disponivel.: 2097151 - Espaço em Disco....: 131925725184
Pasta de Diretorio.: HELIO\siachb
Sistema Operacional: Windows NT Professional 6.02.9200
Caminho do Banco...: localhost:C:\HELIO\SIACHB\SISCOM.GDB