Error SR_FIREBIRD/0  SQLExecDirect Error
unsuccessful metadata update - Native error code 335544351
Command sent to database : 
ALTER TABLE sacdupr ADD HORA_BX VARCHAR(8)
Steatment handle  :          0
Connection handle : 
RetCode           :         -1
 - RollBack executed.
Funcoes: ->THROW(0)
Funcoes: sqlconnection.prg->SR_FIREBIRD:RUNTIMEERR(728)
Funcoes: sqlconnection.prg->SR_FIREBIRD:EXEC(299)
Funcoes: SAC_DBF.000->ALT_TB(1187)
Funcoes: SAC_DBF.000->SAC_DBF(150)
Funcoes: SISCOM.PRG->MAIN(806)
************************************************************************************************************************
Data e Hora........: 02/12/22 - 08:03:27
Empresa............: .: HTI Sistemas Ltda :.
Sistema/Atualizacao: .: SISCOM :. Sistema Automacao Comercial - v22.12.01
Usuario do Sistema.:    
Nome do Executavel.: C:\HELIO\siachb\SISCOM.EXE
Nome do Micro......: HELIO1 - Nome Terminal: helio
Memoria Disponivel.: 2097151 - Espaço em Disco....: 126516768768
Pasta de Diretorio.: HELIO\siachb
Sistema Operacional: Windows NT Professional 6.02.9200
Caminho do Banco...: localhost:C:\HELIO\SIACHB\SISCOM.GDB