Error SR_FIREBIRD/0  SQLExecDirect Error
Dynamic SQL Error - Native error code 335544569
Command sent to database : 
SELECT SUM(quantd),SUM(quantd * vl_vend),SUM(quantd * pr_unit),cli.cod_cli,cli.razao,cli.nome,cli.codvend,cli.promotor FROM sacmov mov JOIN saccli cli ON cli.cod_cli = mov.cod_cli WHERE data_s_e  BETWEEN '2001/01/01' AND '2022/11/29' AND tipo = '02' AND cancel IS NULL AND documento NOT LIKE 'TR%' AND documento NOT LIKE 'BL%' AND ent_sai = 'S' AND vl_vend > 0  group by cli.cod_cli,cli.razao,cli.nome,cli.codvend,cli.promotor
Steatment handle  :          0
Connection handle : 
RetCode           :         -1
 - RollBack executed.
Funcoes: ->THROW(0)
Funcoes: sqlconnection.prg->SR_FIREBIRD:RUNTIMEERR(728)
Funcoes: sqlconnection.prg->SR_FIREBIRD:EXEC(299)
Funcoes: SAC5COM8.000->SAC5COM8(168)
Funcoes: SAC00.PRG->AFTERINKEY(2441)
Funcoes: SAC00.PRG->(b)SAC0(1395)
Funcoes: ->INKEY(0)
Funcoes: SAC00.PRG->SAC0(1425)
Funcoes: SACROT1.PRG->SENHA(824)
Funcoes: SISCOM.002->MAIN(1127)
************************************************************************************************************************
Data e Hora........: 29/11/22 - 10:48:58
Empresa............: DOCE GOSTO MAIS
Sistema/Atualizacao: .: SISCOM :. Sistema Automacao Comercial - v22.11.28
Usuario do Sistema.: 999
Nome do Executavel.: C:\HELIO\siachb\SISCOM.EXE
Nome do Micro......: HELIO1 - Nome Terminal: helio
Memoria Disponivel.: 2097151 - Espaço em Disco....: 128026550272
Pasta de Diretorio.: HELIO\siachb
Sistema Operacional: Windows NT Professional 6.02.9200
Caminho do Banco...: localhost:C:\HELIO\SIACHB\SISCOM.GDB