Error BASE/1003  No existe la variable: MOP_PRODUTO
Funcoes: ->(b)__GET(84)
Funcoes: tget.prg->GET:VARGET(790)
Funcoes: tget.prg->GET:NEW(237)
Funcoes: tgetint.prg->__GET(88)
Funcoes: SACAPPREL.PRG->SACAPPREL(32)
Funcoes: SAC00.PRG->AFTERINKEY(1895)
Funcoes: SAC00.PRG->(b)SAC0(1383)
Funcoes: ->INKEY(0)
Funcoes: SAC00.PRG->SAC0(1413)
Funcoes: SACROT1.PRG->SENHA(822)
Funcoes: SISCOM.PRG->MAIN(1375)
************************************************************************************************************************
Data e Hora........: 21/10/22 - 19:10:49
Empresa............: DOCE GOSTO MAIS
Sistema/Atualizacao: .: SISCOM :. Sistema Automacao Comercial - v22.10.18a
Usuario do Sistema.: 999
Nome do Executavel.: C:\HELIO\siachb\SISCOM.EXE
Nome do Micro......: HELIO1 - Nome Terminal: helio
Memoria Disponivel.: 2097151 - Espaço em Disco....: 134088155136
Pasta de Diretorio.: HELIO\siachb
Sistema Operacional: Windows NT Professional 6.02.9200
Caminho do Banco...: localhost:C:\HELIO\SIACHB\SISCOM.GDB