Error SR_FIREBIRD/0  SQLExecDirect Error
arithmetic exception, numeric overflow, or string truncation - Native error code 335544321
Command sent to database : 
UPDATE insopera SET terminal = '',data_acess = NULL,hora_acess = '',sult_fim = '2022/11/16',shora_fim = '20:21:55' WHERE scod_op = '999'
Steatment handle  :          0
Connection handle : 
RetCode           :         -1
 - RollBack executed.
Funcoes: ->THROW(0)
Funcoes: sqlconnection.prg->SR_FIREBIRD:RUNTIMEERR(728)
Funcoes: sqlconnection.prg->SR_FIREBIRD:EXEC(299)
Funcoes: SACROT1.PRG->ALT_SENHA(853)
Funcoes: SACOS11.PRG->SACOS11(65)
Funcoes: SAC00.PRG->AFTERINKEY(1801)
Funcoes: SAC00.PRG->(b)SAC0(1390)
Funcoes: ->INKEY(0)
Funcoes: SAC00.PRG->SAC0(1420)
Funcoes: SACROT1.PRG->SENHA(824)
Funcoes: SISCOM.PRG->MAIN(1127)
************************************************************************************************************************
Data e Hora........: 16/11/22 - 20:21:55
Empresa............: DOCE GOSTO MAIS
Sistema/Atualizacao: .: SISCOM :. Sistema Automacao Comercial - v22.11.16
Usuario do Sistema.: 999
Nome do Executavel.: C:\HELIO\siachb\SISCOM.EXE
Nome do Micro......: HELIO1 - Nome Terminal: helio
Memoria Disponivel.: 2097151 - Espaço em Disco....: 129005162496
Pasta de Diretorio.: HELIO\siachb
Sistema Operacional: Windows NT Professional 6.02.9200
Caminho do Banco...: localhost:C:\HELIO\SIACHB\SISCOM.GDB