Error SQLRDD/0  Não conectado ao servidor de banco de dados - RollBack executed.: SR_CheckConnection()
Funcoes: ->THROW(0)
Funcoes: utils.prg->SR_RUNTIMEERR(1113)
Funcoes: sqlrdd0.prg->SR_CHECKCONNECTION(126)
Funcoes: sqlrdd0.prg->SR_GETCONNECTION(116)
Funcoes: utils.prg->SR_BEGINTRANSACTION(986)
Funcoes: HRBFUN.PRG->FECHA_CONEXAODB(11020)
Funcoes: ->DEFERROR(85)
Funcoes: errorsys.prg->(b)ERRORSYS(18)
Funcoes: ->THROW(0)
Funcoes: utils.prg->SR_RUNTIMEERR(1113)
Funcoes: sqlrdd0.prg->SR_CHECKCONNECTION(126)
Funcoes: sqlrdd0.prg->SR_GETCONNECTION(116)
Funcoes: utils.prg->SR_BEGINTRANSACTION(986)
Funcoes: HRBFUN.PRG->FECHA_CONEXAODB(11020)
Funcoes: ->DEFERROR(85)
Funcoes: errorsys.prg->(b)ERRORSYS(18)
Funcoes: ->THROW(0)
Funcoes: utils.prg->SR_RUNTIMEERR(1113)
Funcoes: sqlrdd0.prg->SR_CHECKCONNECTION(126)
Funcoes: sqlrdd0.prg->SR_GETCONNECTION(116)
Funcoes: utils.prg->SR_BEGINTRANSACTION(986)
Funcoes: HRBFUN.PRG->FECHA_CONEXAODB(11020)
Funcoes: ->DEFERROR(85)
Funcoes: errorsys.prg->(b)ERRORSYS(18)
Funcoes: ->THROW(0)
Funcoes: utils.prg->SR_RUNTIMEERR(1113)
Funcoes: sqlrdd0.prg->SR_CHECKCONNECTION(126)
Funcoes: sqlrdd0.prg->SR_GETCONNECTION(116)
Funcoes: utils.prg->SR_BEGINTRANSACTION(986)
Funcoes: HRBFUN.PRG->FECHA_CONEXAODB(11020)
Funcoes: ->DEFERROR(85)
Funcoes: errorsys.prg->(b)ERRORSYS(18)
Funcoes: ->THROW(0)
Funcoes: utils.prg->SR_RUNTIMEERR(1113)
Funcoes: sqlrdd0.prg->SR_CHECKCONNECTION(126)
Funcoes: sqlrdd0.prg->SR_GETCONNECTION(116)
Funcoes: utils.prg->SR_BEGINTRANSACTION(986)
Funcoes: HRBFUN.PRG->FECHA_CONEXAODB(11020)
Funcoes: ->DEFERROR(85)
Funcoes: errorsys.prg->(b)ERRORSYS(18)
Funcoes: ->THROW(0)
Funcoes: utils.prg->SR_RUNTIMEERR(1113)
Funcoes: sqlrdd0.prg->SR_CHECKCONNECTION(126)
Funcoes: sqlrdd0.prg->SR_GETCONNECTION(116)
Funcoes: utils.prg->SR_BEGINTRANSACTION(986)
Funcoes: HRBFUN.PRG->FECHA_CONEXAODB(11020)
Funcoes: ->DEFERROR(85)
Funcoes: errorsys.prg->(b)ERRORSYS(18)
Funcoes: ->THROW(0)
Funcoes: utils.prg->SR_RUNTIMEERR(1113)
Funcoes: sqlrdd0.prg->SR_CHECKCONNECTION(126)
Funcoes: sqlrdd0.prg->SR_GETCONNECTION(116)
Funcoes: utils.prg->SR_BEGINTRANSACTION(986)
Funcoes: HRBFUN.PRG->FECHA_CONEXAODB(11020)
Funcoes: ->DEFERROR(85)
Funcoes: errorsys.prg->(b)ERRORSYS(18)
Funcoes: HRBFUN.PRG->FIM(760)
Funcoes: SACROT1.PRG->SENHA(440)
Funcoes: SISCOM.000->MAIN(1142)
************************************************************************************************************************
Data e Hora........: 26/10/22 - 11:38:15
Empresa............: DOCE GOSTO MAIS
Sistema/Atualizacao: .: SISCOM :. Sistema Automacao Comercial - v22.10.26
Usuario do Sistema.:    
Nome do Executavel.: C:\HELIO\siachb\SISCOM.EXE
Nome do Micro......: HELIO1 - Nome Terminal: helio
Memoria Disponivel.: 2097151 - Espaço em Disco....: 132743385088
Pasta de Diretorio.: HELIO\siachb
Sistema Operacional: Windows NT Professional 6.02.9200
Caminho do Banco...: localhost:C:\HELIO\SIACHB\SISCOM.GDB