Error BASE/1132  Bound error: array access
Funcoes: HRBFUN.PRG->SETCOR(38)
Funcoes: SACROT.PRG->IMP_ARQ(6201)
Funcoes: ->ERRORPREVIEW(140)
Funcoes: ->DEFERROR(84)
Funcoes: errorsys.prg->(b)ERRORSYS(18)
Funcoes: HRBFUN.PRG->SETCOR(38)
Funcoes: SACROT.PRG->IMP_ARQ(6201)
Funcoes: ->ERRORPREVIEW(140)
Funcoes: ->DEFERROR(84)
Funcoes: errorsys.prg->(b)ERRORSYS(18)
Funcoes: HRBFUN.PRG->SETCOR(38)
Funcoes: SACROT.PRG->IMP_ARQ(6201)
Funcoes: ->ERRORPREVIEW(140)
Funcoes: ->DEFERROR(84)
Funcoes: errorsys.prg->(b)ERRORSYS(18)
Funcoes: SISCOM.PRG->MAIN(202)
************************************************************************************************************************
Data e Hora........: 26/10/22 - 11:31:33
Empresa............: .: HTI Sistemas Ltda :.
Sistema/Atualizacao: .: SISCOM :. Sistema Automacao Comercial - v22.10.26
Usuario do Sistema.:    
Nome do Executavel.: C:\HELIO\siachb\SISCOM.EXE
Nome do Micro......: HELIO1 - Nome Terminal: helio
Memoria Disponivel.: 2097151 - Espaço em Disco....: 132729098240
Pasta de Diretorio.: HELIO\siachb
Sistema Operacional: Windows NT Professional 6.02.9200
Caminho do Banco...: 