Error BASE/1132  Error de rango: acceso al array
Funcoes: SAC5ET21.PRG->SAC5ET21(134)
Funcoes: SAC5ETQ1.PRG->SAC5ETQ1(53)
Funcoes: SAC5ETQ.PRG->SAC5ETQ(36)
Funcoes: SAC00.PRG->AFTERINKEY(2329)
Funcoes: SAC00.PRG->(b)SAC0(1381)
Funcoes: ->INKEY(0)
Funcoes: SAC00.PRG->SAC0(1411)
Funcoes: SACROT1.PRG->SENHA(821)
Funcoes: SISCOM.PRG->MAIN(1375)
************************************************************************************************************************
Data e Hora........: 05/10/22 - 08:43:51
Empresa............: DOCE GOSTO MAIS
Sistema/Atualizacao: .: SISCOM :. Sistema Automacao Comercial - v22.10.04
Usuario do Sistema.: 999
Nome do Executavel.: C:\HELIO\siachb\SISCOM.EXE
Nome do Micro......: CASA-PC - Nome Terminal: CASA
Memoria Disponivel.: 4194303 - Espaço em Disco....: 314266279936
Pasta de Diretorio.: HELIO\siachb
Sistema Operacional: Windows NT Professional 6.01.7600
Caminho do Banco...: localhost:C:\HELIO\SIACHB\SISCOM.GDB