Error DBFCDX/1001  Error de apertura: sacccgru.dbf (DOS Error 2)
Funcoes: ->DBUSEAREA(0)
Funcoes: SAC10.000->SAC10(42)
Funcoes: SAC00.PRG->AFTERINKEY(1580)
Funcoes: SAC00.PRG->(b)SAC0(1395)
Funcoes: ->INKEY(0)
Funcoes: SAC00.PRG->SAC0(1425)
Funcoes: SACROT1.PRG->SENHA(824)
Funcoes: SISCOM.PRG->MAIN(1127)
************************************************************************************************************************
Data e Hora........: 23/11/22 - 11:36:39
Empresa............: DOCE GOSTO MAIS
Sistema/Atualizacao: .: SISCOM :. Sistema Automacao Comercial - v22.11.21
Usuario do Sistema.: 999
Nome do Executavel.: C:\HELIO\siachb\SISCOM.EXE
Nome do Micro......: HELIO1 - Nome Terminal: helio
Memoria Disponivel.: 1955916 - Espaço em Disco....: 128885125120
Pasta de Diretorio.: HELIO\siachb
Sistema Operacional: Windows NT Professional 6.02.9200
Caminho do Banco...: localhost:C:\HELIO\SIACHB\SISCOM.GDB