Error BASE/1004  Message not found: NIL:NFONTSIZEV
Funcoes: ->ERROR(179)
Funcoes: tobject.prg->(b)HBOBJECT:HBOBJECT(105)
Funcoes: ->MSGNOTFOUND(0)
Funcoes: ->NFONTSIZEV(167)
Funcoes: twindows.prg->WVW_TAPPLICATION:SETFONT(339)
Funcoes: tappl.prg->WVW_TAPPLICATION:CONFIGUREGT(199)
Funcoes: tappl.prg->WVW_TAPPLICATION:SETUP(83)
Funcoes: SISCOM.PRG->MAIN(413)
************************************************************************************************************************
Data e Hora........: 21/10/22 - 19:35:27
Empresa............: .: HTI Sistemas Ltda :.
Sistema/Atualizacao: .: SISCOM :. Sistema Automacao Comercial - v22.10.18a
Usuario do Sistema.:    
Nome do Executavel.: C:\HELIO\siachb\SISCOM.EXE
Nome do Micro......: HELIO1 - Nome Terminal: helio
Memoria Disponivel.: 2097151 - Espaço em Disco....: 134067834880
Pasta de Diretorio.: HELIO\siachb
Sistema Operacional: Windows NT Professional 6.02.9200
Caminho do Banco...: 