Error BASE/1132  Error de rango: acceso al array
Funcoes: FORMULA.PRG->FORMULA(237)
Funcoes: SAC5PED1.PRG->SAC5PED1(364)
Funcoes: SAC00.PRG->AFTERINKEY(1983)
Funcoes: SAC00.PRG->(b)SAC0(1404)
Funcoes: ->INKEY(0)
Funcoes: SAC00.PRG->SAC0(1434)
Funcoes: SACROT1.PRG->SENHA(821)
Funcoes: SISCOM.PRG->MAIN(1375)
************************************************************************************************************************
Data e Hora........: 29/09/22 - 09:09:14
Empresa............: DOCE GOSTO MAIS
Sistema/Atualizacao: .: SISCOM :. Sistema Automacao Comercial - v22.09.28b
Usuario do Sistema.: 999
Nome do Executavel.: C:\HELIO\siachb\SISCOM.EXE
Nome do Micro......: HELIO1 - Nome Terminal: helio
Memoria Disponivel.: 2097151 - Espaço em Disco....: 126038978560
Pasta de Diretorio.: HELIO\siachb
Sistema Operacional: Windows NT Professional 6.02.9200
Caminho do Banco...: localhost:C:\HELIO\SIACHB\SISCOM.GDB