Error BASE/1132  Error de rango: acceso al array
Funcoes: HRBFUN.000->SETCOR(38)
Funcoes: SACROT.PRG->IMP_ARQ(6201)
Funcoes: ->ERRORPREVIEW(140)
Funcoes: ->DEFERROR(84)
Funcoes: errorsys.prg->(b)ERRORSYS(18)
Funcoes: HRBFUN.000->SETCOR(38)
Funcoes: SACROT.PRG->IMP_ARQ(6201)
Funcoes: ->ERRORPREVIEW(140)
Funcoes: ->DEFERROR(84)
Funcoes: errorsys.prg->(b)ERRORSYS(18)
Funcoes: HRBFUN.000->SETCOR(38)
Funcoes: SACROT.PRG->IMP_ARQ(6201)
Funcoes: ->ERRORPREVIEW(140)
Funcoes: ->DEFERROR(84)
Funcoes: errorsys.prg->(b)ERRORSYS(18)
Funcoes: HRBFUN.000->SETCOR(38)
Funcoes: SACROT.PRG->IMP_ARQ(6201)
Funcoes: ->ERRORPREVIEW(140)
Funcoes: ->DEFERROR(84)
Funcoes: errorsys.prg->(b)ERRORSYS(18)
Funcoes: HRBFUN.000->SETCOR(38)
Funcoes: SACROT.PRG->IMP_ARQ(6201)
Funcoes: ->ERRORPREVIEW(140)
Funcoes: ->DEFERROR(84)
Funcoes: errorsys.prg->(b)ERRORSYS(18)
Funcoes: HRBFUN.000->SETCOR(38)
Funcoes: SACROT.PRG->IMP_ARQ(6201)
Funcoes: ->ERRORPREVIEW(140)
Funcoes: ->DEFERROR(84)
Funcoes: errorsys.prg->(b)ERRORSYS(18)
Funcoes: HRBFUN.000->SETCOR(38)
Funcoes: SACROT.PRG->IMP_ARQ(6201)
Funcoes: ->ERRORPREVIEW(140)
Funcoes: ->DEFERROR(84)
Funcoes: errorsys.prg->(b)ERRORSYS(18)
Funcoes: SAC611.PRG->SAC611(11)
Funcoes: SISCOM.000->MAIN(660)
************************************************************************************************************************
Data e Hora........: 16/11/22 - 15:11:02
Empresa............: .: HTI Sistemas Ltda :.
Sistema/Atualizacao: .: SISCOM :. Sistema Automacao Comercial - v22.11.16
Usuario do Sistema.:    
Nome do Executavel.: C:\HELIO\siachb\SISCOM.EXE
Nome do Micro......: HELIO1 - Nome Terminal: helio
Memoria Disponivel.: 2097151 - Espaço em Disco....: 129032179712
Pasta de Diretorio.: HELIO\siachb
Sistema Operacional: Windows NT Professional 6.02.9200
Caminho do Banco...: localhost:C:\HELIO\SIACHB\SISCOM.GDB