Error SR_FIREBIRD/0  SQLExecDirect Error
arithmetic exception, numeric overflow, or string truncation - Native error code 335544321
Command sent to database : 
INSERT INTO sacmod (tipo,modulo,descricao,e_d,SR_DELETED) VALUES ('!#SERIAL#!         25A','MENUMOV_45','1-> Lancamento de Debito','E','')
Steatment handle  :          0
Connection handle : 
RetCode           :         -1
 - RollBack executed.
Funcoes: ->THROW(0)
Funcoes: sqlconnection.prg->SR_FIREBIRD:RUNTIMEERR(728)
Funcoes: sqlconnection.prg->SR_FIREBIRD:EXEC(299)
Funcoes: HRBFUN.PRG->ENABLE_DIS(10264)
Funcoes: SAC00.000->SAC0(958)
Funcoes: SACROT1.PRG->SENHA(821)
Funcoes: SISCOM.PRG->MAIN(1375)
************************************************************************************************************************
Data e Hora........: 29/09/22 - 10:40:42
Empresa............: DOCE GOSTO MAIS
Sistema/Atualizacao: .: SISCOM :. Sistema Automacao Comercial - v22.09.29
Usuario do Sistema.: 999
Nome do Executavel.: C:\HELIO\siachb\SISCOM.EXE
Nome do Micro......: HELIO1 - Nome Terminal: helio
Memoria Disponivel.: 2097151 - Espaço em Disco....: 125710381056
Pasta de Diretorio.: HELIO\siachb
Sistema Operacional: Windows NT Professional 6.02.9200
Caminho do Banco...: localhost:C:\HELIO\SIACHB\SISCOM.GDB