Error BASE/1132  Error de rango: acceso al array
Funcoes: SAC5ET21.PRG->SAC5ET21(95)
Funcoes: SAC5ETQ1.001->SAC5ETQ1(53)
Funcoes: SAC5ETQ.PRG->SAC5ETQ(36)
Funcoes: SAC00.PRG->AFTERINKEY(2352)
Funcoes: SAC00.PRG->(b)SAC0(1404)
Funcoes: ->INKEY(0)
Funcoes: SAC00.PRG->SAC0(1434)
Funcoes: SACROT1.PRG->SENHA(821)
Funcoes: SISCOM.PRG->MAIN(1375)
************************************************************************************************************************
Data e Hora........: 28/09/22 - 09:43:43
Empresa............: DOCE GOSTO MAIS
Sistema/Atualizacao: .: SISCOM :. Sistema Automacao Comercial - v22.09.28
Usuario do Sistema.: 999
Nome do Executavel.: C:\HELIO\siachb\SISCOM.EXE
Nome do Micro......: HELIO1 - Nome Terminal: helio
Memoria Disponivel.: 2097151 - Espaço em Disco....: 126110945280
Pasta de Diretorio.: HELIO\siachb
Sistema Operacional: Windows NT Professional 6.02.9200
Caminho do Banco...: localhost:C:\HELIO\SIACHB\SISCOM.GDB