Error BASE/1132  Error de rango: acceso al array
Funcoes: sac23pd1.prg->SAC23PD1(1355)
Funcoes: sac3411.prg->SAC3411(111)
Funcoes: SACAPPHTI.PRG->SACAPPHTI(63)
Funcoes: SAC00.PRG->AFTERINKEY(1710)
Funcoes: SAC00.PRG->(b)SAC0(1404)
Funcoes: ->INKEY(0)
Funcoes: SAC00.PRG->SAC0(1434)
Funcoes: SACROT1.PRG->SENHA(821)
Funcoes: SISCOM.PRG->MAIN(1375)
************************************************************************************************************************
Data e Hora........: 27/09/2022 - 11:09:09
Empresa............: DOCE GOSTO MAIS
Sistema/Atualizacao: .: SISCOM :. Sistema Automacao Comercial - v22.09.26
Usuario do Sistema.: 999
Nome do Executavel.: C:\HELIO\siachb\SISCOM.EXE
Nome do Micro......: HELIO1 - Nome Terminal: helio
Memoria Disponivel.: 2097151 - Espaço em Disco....: 126559502336
Pasta de Diretorio.: HELIO\siachb
Sistema Operacional: Windows NT Professional 6.02.9200
Caminho do Banco...: localhost:C:\HELIO\SIACHB\SISCOM.GDB