Error BASE/1003  No existe la variable: MCODIGO_BAN
Funcoes: ->(b)__GET(84)
Funcoes: tget.prg->GET:VARGET(790)
Funcoes: tget.prg->GET:NEW(237)
Funcoes: tgetint.prg->__GET(88)
Funcoes: CON251.PRG->CON251(410)
Funcoes: SAC00.PRG->AFTERINKEY(2088)
Funcoes: SAC00.PRG->(b)SAC0(1403)
Funcoes: ->INKEY(0)
Funcoes: SAC00.PRG->SAC0(1433)
Funcoes: SACROT1.PRG->SENHA(824)
Funcoes: SISCOM.PRG->MAIN(1129)
************************************************************************************************************************
Data e Hora........: 08/12/22 - 10:00:42
Empresa............: DOCE GOSTO MAIS
Sistema/Atualizacao: .: SISCOM :. Sistema Automacao Comercial - v22.12.07a
Usuario do Sistema.: 999
Nome do Executavel.: C:\HELIO\siachb\SISCOM.EXE
Nome do Micro......: HELIO1 - Nome Terminal: helio
Memoria Disponivel.: 2097151 - Espaço em Disco....: 125561634816
Pasta de Diretorio.: HELIO\siachb
Sistema Operacional: Windows NT Professional 6.02.9200
Caminho do Banco...: localhost:C:\HELIO\SIACHB\SISCOM.GDB