Error SR_FIREBIRD/0  SQLExecDirect Error
Dynamic SQL Error - Native error code 335544569
Command sent to database : 
SELECT SELECT d.datpag,d.tip_for,d.fornec,d.cliente,d.tipo,d.duplicata,d.venc,d.valor,d.vlpago,d.nbanco,d.cheque,d.tp_pg,d.obs_b,d.obs,d.banco_bx,(select nome_banco from sacbanco b where b.cod_banco = d.banco_bx) FROM sacdupp d WHERE d.datpag BETWEEN '2001/01/01' AND '2022/12/31' AND d.pago = 'B' ORDER BY d.banco_bx,d.datpag,d.duplicata
Steatment handle  :          0
Connection handle : 
RetCode           :         -1
 - RollBack executed.
Funcoes: ->THROW(0)
Funcoes: sqlconnection.prg->SR_FIREBIRD:RUNTIMEERR(728)
Funcoes: sqlconnection.prg->SR_FIREBIRD:EXEC(299)
Funcoes: CON414.PRG->CON414(452)
Funcoes: CON41.PRG->CON41(36)
Funcoes: SAC00.PRG->AFTERINKEY(2347)
Funcoes: SAC00.PRG->(b)SAC0(1404)
Funcoes: ->INKEY(0)
Funcoes: SAC00.PRG->SAC0(1434)
Funcoes: SACROT1.PRG->SENHA(824)
Funcoes: SISCOM.PRG->MAIN(1129)
************************************************************************************************************************
Data e Hora........: 12/12/22 - 11:30:23
Empresa............: DOCE GOSTO MAIS
Sistema/Atualizacao: .: SISCOM :. Sistema Automacao Comercial - v22.12.08
Usuario do Sistema.: 999
Nome do Executavel.: C:\HELIO\siachb\SISCOM.EXE
Nome do Micro......: HELIO1 - Nome Terminal: helio
Memoria Disponivel.: 2097151 - Espaço em Disco....: 124867166208
Pasta de Diretorio.: HELIO\siachb
Sistema Operacional: Windows NT Professional 6.02.9200
Caminho do Banco...: localhost:C:\HELIO\SIACHB\SISCOM.GDB