Error BASE/1132  Error de rango: acceso al array
Funcoes: HRBFUN.PRG->SETCOR(38)
Funcoes: SACROT.PRG->IMP_ARQ(6201)
Funcoes: ->ERRORPREVIEW(140)
Funcoes: ->DEFERROR(84)
Funcoes: errorsys.prg->(b)ERRORSYS(18)
Funcoes: HRBFUN.PRG->SETCOR(38)
Funcoes: SACROT.PRG->IMP_ARQ(6201)
Funcoes: ->ERRORPREVIEW(140)
Funcoes: ->DEFERROR(84)
Funcoes: errorsys.prg->(b)ERRORSYS(18)
Funcoes: HRBFUN.PRG->SETCOR(38)
Funcoes: SACROT.PRG->IMP_ARQ(6201)
Funcoes: ->ERRORPREVIEW(140)
Funcoes: ->DEFERROR(84)
Funcoes: errorsys.prg->(b)ERRORSYS(18)
Funcoes: HRBFUN.PRG->SETCOR(38)
Funcoes: SACROT.PRG->IMP_ARQ(6201)
Funcoes: ->ERRORPREVIEW(140)
Funcoes: ->DEFERROR(84)
Funcoes: errorsys.prg->(b)ERRORSYS(18)
Funcoes: HRBFUN.PRG->SETCOR(38)
Funcoes: SACROT.PRG->IMP_ARQ(6201)
Funcoes: ->ERRORPREVIEW(140)
Funcoes: ->DEFERROR(84)
Funcoes: errorsys.prg->(b)ERRORSYS(18)
Funcoes: HRBFUN.PRG->SETCOR(38)
Funcoes: SACROT.PRG->IMP_ARQ(6201)
Funcoes: ->ERRORPREVIEW(140)
Funcoes: ->DEFERROR(84)
Funcoes: errorsys.prg->(b)ERRORSYS(18)
Funcoes: HRBFUN.PRG->SETCOR(38)
Funcoes: SACROT.PRG->IMP_ARQ(6201)
Funcoes: ->ERRORPREVIEW(140)
Funcoes: ->DEFERROR(84)
Funcoes: errorsys.prg->(b)ERRORSYS(18)
Funcoes: HRBFUN.PRG->SETCOR(38)
Funcoes: SACROT.PRG->IMP_ARQ(6201)
Funcoes: ->ERRORPREVIEW(140)
Funcoes: ->DEFERROR(84)
Funcoes: errorsys.prg->(b)ERRORSYS(18)
Funcoes: ->GET:ERROR(175)
Funcoes: tobject.prg->(b)HBOBJECT:HBOBJECT(105)
Funcoes: ->GET:MSGNOTFOUND(0)
Funcoes: tget.prg->GET:_CTABCONTROL(167)
Funcoes: getsys.prg->WVW_BUILDGETOBJECT(570)
Funcoes: SISCOM.000->MAIN(457)
************************************************************************************************************************
Data e Hora........: 26/10/22 - 10:24:33
Empresa............: .: HTI Sistemas Ltda :.
Sistema/Atualizacao: .: SISCOM :. Sistema Automacao Comercial - v22.10.26
Usuario do Sistema.:    
Nome do Executavel.: C:\HELIO\siachb\SISCOM.EXE
Nome do Micro......: HELIO1 - Nome Terminal: helio
Memoria Disponivel.: 2085544 - Espaço em Disco....: 132734513152
Pasta de Diretorio.: HELIO\siachb
Sistema Operacional: Windows NT Professional 6.02.9200
Caminho do Banco...: 