Error BASE/1003  No existe la variable: MTIPO
Funcoes: SACROT.001->MENU_CONS(3563)
Funcoes: SAC00.PRG->(b)SAC0(578)
Funcoes: tgetlist.prg->HBGETLIST:GETDOSETKEY(710)
Funcoes: tgetlist.prg->HBGETLIST:GETAPPLYKEY(288)
Funcoes: tgetlist.prg->HBGETLIST:READER(210)
Funcoes: getsys.prg->READMODAL(141)
Funcoes: CON241.PRG->CON241(106)
Funcoes: SAC00.PRG->AFTERINKEY(2038)
Funcoes: SAC00.PRG->(b)SAC0(1398)
Funcoes: ->INKEY(0)
Funcoes: SAC00.PRG->SAC0(1428)
Funcoes: SACROT1.PRG->SENHA(824)
Funcoes: SISCOM.PRG->MAIN(1127)
************************************************************************************************************************
Data e Hora........: 01/12/22 - 10:12:38
Empresa............: DOCE GOSTO MAIS
Sistema/Atualizacao: .: SISCOM :. Sistema Automacao Comercial - v22.11.30b
Usuario do Sistema.: 999
Nome do Executavel.: C:\HELIO\siachb\SISCOM.EXE
Nome do Micro......: HELIO1 - Nome Terminal: helio
Memoria Disponivel.: 2097151 - Espaço em Disco....: 126734614528
Pasta de Diretorio.: HELIO\siachb
Sistema Operacional: Windows NT Professional 6.02.9200
Caminho do Banco...: localhost:C:\HELIO\SIACHB\SISCOM.GDB