Error BASE/1084  Error de argumento: /
Funcoes: HRBFUN.PRG->PROG_IMP(1812)
Funcoes: CON416.000->CON416(112)
Funcoes: CON41.PRG->CON41(47)
Funcoes: SAC00.PRG->AFTERINKEY(2346)
Funcoes: SAC00.PRG->(b)SAC0(1403)
Funcoes: ->INKEY(0)
Funcoes: SAC00.PRG->SAC0(1433)
Funcoes: SACROT1.PRG->SENHA(824)
Funcoes: SISCOM.PRG->MAIN(1129)
************************************************************************************************************************
Data e Hora........: 06/02/23 - 17:21:05
Empresa............: HTI SISTEMAS
Sistema/Atualizacao: .: SISCOM :. Sistema Automacao Comercial - v23.02.06
Usuario do Sistema.: 999
Nome do Executavel.: C:\HELIO\siachb\SISCOM.EXE
Nome do Micro......: HELIO1 - Nome Terminal: helio
Memoria Disponivel.: 2097151 - Espaço em Disco....: 96128757760
Pasta de Diretorio.: HELIO\siachb
Sistema Operacional: Windows NT Professional 6.02.9200
Caminho do Banco...: localhost:C:\HELIO\siachb\SISCOM.GDB