Error SR_FIREBIRD/0  SQLExecDirect Error
Dynamic SQL Error - Native error code 335544569
Command sent to database : 
SELECT merc.nbm, SUM(mov.quantd * mov.vl_fatura)FROM sacmovnt movJOIN sacmerc merc ON merc.cod_merc = mov.codigowhere mov.data_s_e  BETWEEN '2023/01/01' AND '2023/06/18'AND mov.cancel IS NULLAND mov.documento NOT LIKE 'TR%'AND mov.documento NOT LIKE 'BL%'AND mov.ent_sai = 'S'group by merc.nbm
Steatment handle  :          0
Connection handle : 
RetCode           :         -1
 - RollBack executed.
Funcoes: ->THROW(0)
Funcoes: sqlconnection.prg->SR_FIREBIRD:RUNTIMEERR(728)
Funcoes: sqlconnection.prg->SR_FIREBIRD:EXEC(299)
Funcoes: SAC5NCM.000->SAC5NCM(35)
Funcoes: SAC00.003->AFTERINKEY(2293)
Funcoes: SAC00.003->(b)SAC0(1408)
Funcoes: ->INKEY(0)
Funcoes: SAC00.003->SAC0(1438)
Funcoes: SACROT1.PRG->SENHA(824)
Funcoes: SISCOM.PRG->MAIN(1131)
************************************************************************************************************************
Data e Hora........: 19/05/23 - 11:26:03
Empresa............: AGROPET CINTRA
Sistema/Atualizacao: .: SISCOM :. Sistema Automacao Comercial - v23.05.19
Usuario do Sistema.: 999
Nome do Executavel.: C:\HTI\siachb\SISCOM.EXE
Nome do Micro......: HELIO-PC - Nome Terminal: Helio
Memoria Disponivel.: 1226328 - Espaço em Disco....: 19919638528
Pasta de Diretorio.: HTI\siachb
Sistema Operacional: Windows NT Professional 6.02.9200
Caminho do Banco...: localhost:C:\hti\siachb\SISCOM.GDB