Error BASE/1081  Error de argumento: +
Funcoes: CON416.PRG->CON416(60)
Funcoes: CON41.PRG->CON41(47)
Funcoes: SAC00.PRG->AFTERINKEY(2352)
Funcoes: SAC00.PRG->(b)SAC0(1405)
Funcoes: ->INKEY(0)
Funcoes: SAC00.PRG->SAC0(1435)
Funcoes: SACROT1.PRG->SENHA(824)
Funcoes: SISCOM.PRG->MAIN(1129)
************************************************************************************************************************
Data e Hora........: 27/02/23 - 09:49:40
Empresa............: HTI SISTEMAS
Sistema/Atualizacao: .: SISCOM :. Sistema Automacao Comercial - v23.02.14b
Usuario do Sistema.: 999
Nome do Executavel.: C:\HELIO\siachb\SISCOM.EXE
Nome do Micro......: HELIO1 - Nome Terminal: helio
Memoria Disponivel.: 2097151 - Espaço em Disco....: 13805289472
Pasta de Diretorio.: HELIO\siachb
Sistema Operacional: Windows NT Professional 6.02.9200
Caminho do Banco...: localhost:C:\HELIO\siachb\SISCOM.GDB