Error SR_FIREBIRD/0  SQLExecDirect Error
Dynamic SQL Error - Native error code 335544569
Command sent to database : 
UPDATE cnnt_pedido SET status_ped = 'PEDIDO:'+sr_cdbvalue(STRZERO(mnum_ped,6),obs_pc = 'EM ANDAMENTO',importado = 1 WHERE codigo = 154 AND cod_funcionario = '999'
Steatment handle  :          0
Connection handle : 
RetCode           :         -1
 - RollBack executed.
Funcoes: ->THROW(0)
Funcoes: sqlconnection.prg->SR_FIREBIRD:RUNTIMEERR(728)
Funcoes: sqlconnection.prg->SR_FIREBIRD:EXEC(299)
Funcoes: sac23pd1.000->FECHA_PD(4519)
Funcoes: sac23pd1.000->(b)SAC23PD1(1813)
Funcoes: tgetlist.prg->HBGETLIST:GETDOSETKEY(710)
Funcoes: tgetlist.prg->HBGETLIST:GETAPPLYKEY(288)
Funcoes: tgetlist.prg->HBGETLIST:READER(210)
Funcoes: getsys.prg->READMODAL(141)
Funcoes: sac23pd1.000->SAC23PD1(1818)
Funcoes: sac3411.prg->SAC3411(84)
Funcoes: SACAPPHTI.PRG->SACAPPHTI(342)
Funcoes: SAC00.PRG->AFTERINKEY(1711)
Funcoes: SAC00.PRG->(b)SAC0(1403)
Funcoes: ->INKEY(0)
Funcoes: SAC00.PRG->SAC0(1433)
Funcoes: SACROT1.PRG->SENHA(824)
Funcoes: SISCOM.PRG->MAIN(1129)
************************************************************************************************************************
Data e Hora........: 17/01/2023 - 17:38:46
Empresa............: HTI SISTEMAS
Sistema/Atualizacao: .: SISCOM :. Sistema Automacao Comercial - v23.01.17b
Usuario do Sistema.: 999
Nome do Executavel.: C:\HELIO\siachb\SISCOM.EXE
Nome do Micro......: HELIO1 - Nome Terminal: helio
Memoria Disponivel.: 2097151 - Espaço em Disco....: 98187767808
Pasta de Diretorio.: HELIO\siachb
Sistema Operacional: Windows NT Professional 6.02.9200
Caminho do Banco...: localhost:C:\HELIO\SIACHB\SISCOM.GDB