Error BASE/1003  No existe la variable: MNUM_DUP
Funcoes: SACNFCE.prg->FECHA_NFCE(2699)
Funcoes: SACNFCE.prg->(b)SACNFCE(561)
Funcoes: tgetlist.prg->HBGETLIST:GETDOSETKEY(710)
Funcoes: tgetlist.prg->HBGETLIST:GETAPPLYKEY(288)
Funcoes: tgetlist.prg->HBGETLIST:READER(210)
Funcoes: getsys.prg->READMODAL(141)
Funcoes: SACNFCE.prg->SACNFCE(566)
Funcoes: SAC00.PRG->AFTERINKEY(1953)
Funcoes: SAC00.PRG->(b)SAC0(1403)
Funcoes: ->INKEY(0)
Funcoes: SAC00.PRG->SAC0(1433)
Funcoes: SACROT1.PRG->SENHA(824)
Funcoes: SISCOM.PRG->MAIN(1129)
************************************************************************************************************************
Data e Hora........: 24/01/23 - 09:57:06
Empresa............: HTI SISTEMAS
Sistema/Atualizacao: .: SISCOM :. Sistema Automacao Comercial - v23.01.24
Usuario do Sistema.: 999
Nome do Executavel.: C:\HELIO\siachb\SISCOM.EXE
Nome do Micro......: HELIO1 - Nome Terminal: helio
Memoria Disponivel.: 1870476 - Espaço em Disco....: 95884754944
Pasta de Diretorio.: HELIO\siachb
Sistema Operacional: Windows NT Professional 6.02.9200
Caminho do Banco...: localhost:C:\HELIO\SIACHB\SISCOM.GDB