Error SR_FIREBIRD/0  SQLExecDirect Error
unsuccessful metadata update - Native error code 335544351
Command sent to database : 
CREATE INDEX LOGPRODUTO_DATA ON LOGPRODUTO (DATA,COD_PROD)
Steatment handle  :          0
Connection handle : 
RetCode           :         -1
 - RollBack executed.
Funcoes: ->THROW(0)
Funcoes: sqlconnection.prg->SR_FIREBIRD:RUNTIMEERR(728)
Funcoes: sqlconnection.prg->SR_FIREBIRD:EXEC(299)
Funcoes: saccdx.000->SACCDX(44)
Funcoes: SISCOM.PRG->MAIN(802)
************************************************************************************************************************
Data e Hora........: 13/02/23 - 21:07:02
Empresa............: .: HTI Sistemas Ltda :.
Sistema/Atualizacao: .: SISCOM :. Sistema Automacao Comercial - v23.02.13
Usuario do Sistema.:    
Nome do Executavel.: C:\HELIO\siachb\SISCOM.EXE
Nome do Micro......: HELIO1 - Nome Terminal: helio
Memoria Disponivel.: 2097151 - Espaço em Disco....: 15892623360
Pasta de Diretorio.: HELIO\siachb
Sistema Operacional: Windows NT Professional 6.02.9200
Caminho do Banco...: localhost:C:\HELIO\siachb\SISCOM.GDB