Error SR_FIREBIRD/0  SQLExecDirect Error
unsuccessful metadata update - Native error code 335544351
Command sent to database : 
CREATE INDEX LOGPRODUTO_dataa ON "LOGPRODUTO" ("DATA","SR_RECNO") /* Create regular Index */
Steatment handle  :          0
Connection handle : 
RetCode           :         -1
 - RollBack executed.
Funcoes: ->THROW(0)
Funcoes: sqlconnection.prg->SR_FIREBIRD:RUNTIMEERR(728)
Funcoes: sqlconnection.prg->SR_FIREBIRD:EXEC(299)
Funcoes: sqlrdd2.prg->SR_WORKAREA:SQLORDERCREATE(6385)
Funcoes: ->ORDCREATE(0)
Funcoes: saccdx.000->SACCDX(47)
Funcoes: SISCOM.PRG->MAIN(802)
************************************************************************************************************************
Data e Hora........: 14/02/23 - 17:04:38
Empresa............: .: HTI Sistemas Ltda :.
Sistema/Atualizacao: .: SISCOM :. Sistema Automacao Comercial - v23.02.14
Usuario do Sistema.:    
Nome do Executavel.: C:\HELIO\siachb\SISCOM.EXE
Nome do Micro......: HELIO1 - Nome Terminal: helio
Memoria Disponivel.: 2097151 - Espaço em Disco....: 14599725056
Pasta de Diretorio.: HELIO\siachb
Sistema Operacional: Windows NT Professional 6.02.9200
Caminho do Banco...: localhost:C:\HELIO\siachb\SISCOM.GDB