Error BASE/1002  No existe el alias: merc
Funcoes: ->DBSELECTAREA(0)
Funcoes: SAC111NOVO.000->SAC111(260)
Funcoes: HRBFUN.000->F4_MERC(7634)
Funcoes: SAC00.PRG->AFTERINKEY(1597)
Funcoes: SAC00.PRG->(b)SAC0(1407)
Funcoes: ->INKEY(0)
Funcoes: SAC00.PRG->SAC0(1437)
Funcoes: SACROT1.PRG->SENHA(824)
Funcoes: SISCOM.PRG->MAIN(1131)
************************************************************************************************************************
Data e Hora........: 26/04/23 - 16:17:01
Empresa............: AGROPET CINTRA
Sistema/Atualizacao: .: SISCOM :. Sistema Automacao Comercial - v23.04.26
Usuario do Sistema.: 999
Nome do Executavel.: C:\HTI\siachb\SISCOM.EXE
Nome do Micro......: HELIO-PC - Nome Terminal: Helio
Memoria Disponivel.: 2097151 - Espaço em Disco....: 21872500736
Pasta de Diretorio.: HTI\siachb
Sistema Operacional: Windows NT Professional 6.02.9200
Caminho do Banco...: localhost:C:\hti\siachb\SISCOM.GDB