Error BASE/1003  No existe la variable: MRETORNO
Funcoes: SAC110NOVO.PRG->SAC110(288)
Funcoes: HRBFUN.PRG->F4_MERC1(7879)
Funcoes: SAC00.PRG->AFTERINKEY(1595)
Funcoes: SAC00.PRG->(b)SAC0(1405)
Funcoes: ->INKEY(0)
Funcoes: SAC00.PRG->SAC0(1435)
Funcoes: SACROT1.PRG->SENHA(824)
Funcoes: SISCOM.PRG->MAIN(1131)
************************************************************************************************************************
Data e Hora........: 28/02/23 - 12:10:06
Empresa............: HTI SISTEMAS
Sistema/Atualizacao: .: SISCOM :. Sistema Automacao Comercial - v23.02.27a
Usuario do Sistema.: 999
Nome do Executavel.: C:\HELIO\siachb\SISCOM.EXE
Nome do Micro......: HELIO1 - Nome Terminal: helio
Memoria Disponivel.: 2097151 - Espaço em Disco....: 36394082304
Pasta de Diretorio.: HELIO\siachb
Sistema Operacional: Windows NT Professional 6.02.9200
Caminho do Banco...: localhost:C:\HELIO\siachb\SISCOM.GDB