Error SR_FIREBIRD/0  SQLExecDirect Error
Dynamic SQL Error - Native error code 335544569
Command sent to database : 
SELECT m.cod_merc,m.merc,m.saldo_mer,(SELECT sum(iif(l.ent_sai = 'E',l.quantd, 0)) - sum(iif(l.ent_sai = 'S',l.quantd, 0)) FROM logproduto l where l.data <= '2023/12/31' and l.cod_prod = m.cod_merc) from sacmerc m GROUP BY 2
Steatment handle  :          0
Connection handle : 
RetCode           :         -1
 - RollBack executed.
Funcoes: ->THROW(0)
Funcoes: sqlconnection.prg->SR_FIREBIRD:RUNTIMEERR(728)
Funcoes: sqlconnection.prg->SR_FIREBIRD:EXEC(299)
Funcoes: SACINVENTA.000->SACINVENTA(112)
Funcoes: SAC00.PRG->AFTERINKEY(2350)
Funcoes: SAC00.PRG->(b)SAC0(1405)
Funcoes: ->INKEY(0)
Funcoes: SAC00.PRG->SAC0(1435)
Funcoes: SACROT1.PRG->SENHA(824)
Funcoes: SISCOM.PRG->MAIN(1129)
************************************************************************************************************************
Data e Hora........: 14/02/23 - 09:16:13
Empresa............: HTI SISTEMAS
Sistema/Atualizacao: .: SISCOM :. Sistema Automacao Comercial - v23.02.14
Usuario do Sistema.: 999
Nome do Executavel.: C:\HELIO\siachb\SISCOM.EXE
Nome do Micro......: HELIO1 - Nome Terminal: helio
Memoria Disponivel.: 2097151 - Espaço em Disco....: 16211988480
Pasta de Diretorio.: HELIO\siachb
Sistema Operacional: Windows NT Professional 6.02.9200
Caminho do Banco...: localhost:C:\HELIO\siachb\SISCOM.GDB