FireBird Error: I/O error for file "C:\SIAC\SISCOM.GDB" - code: 335544344 (see iberr.h)
FireBird Error: I/O error for file "C:\SIAC\SISCOM.GDB" - code: 335544344 (see iberr.h)
FireBird Error: I/O error for file "C:\HELIO\HTI\SISCOM.GDB" - code: 335544344 (see iberr.h)
FireBird Error: I/O error for file "C:\HELIO\HTI\SISCOM.GDB" - code: 335544344 (see iberr.h)
FireBird Error: I/O error for file "C:\HELIO\HTI\SISCOM.GDB" - code: 335544344 (see iberr.h)
FireBird Error: I/O error for file "C:\HELIO\HTI\SISCOM.GDB" - code: 335544344 (see iberr.h)
FireBird Error: I/O error for file "C:\HELIO\HTI\SISCOM.GDB" - code: 335544344 (see iberr.h)
FireBird Error: create database - code: 335544375 (see iberr.h)
FireBird Error: I/O error for file "C:\HELIO\SIACHB\SISCOM.GDB" - code: 335544344 (see iberr.h)
FireBird Error: create database - code: 335544375 (see iberr.h)
FireBird Error: I/O error for file "C:\HELIO\SIACHB\SISCOM.GDB" - code: 335544344 (see iberr.h)
FireBird Error: create database - code: 335544375 (see iberr.h)
FireBird Error: I/O error for file "C:\HELIO\SIACHB\SISCOM.GDB" - code: 335544344 (see iberr.h)
FireBird Error: create database - code: 335544375 (see iberr.h)
FireBird Error: I/O error for file "C:\HELIO\SIACHB\SISCOM.GDB" - code: 335544344 (see iberr.h)
FireBird Error: create database - code: 335544375 (see iberr.h)
FireBird Error: create database - code: 335544375 (see iberr.h)
FireBird Error: create database - code: 335544375 (see iberr.h)
FireBird Error: Unable to complete network request to host "localhost". - code: 335544721 (see iberr.h)
FireBird Error: Unable to complete network request to host "localhost". - code: 335544721 (see iberr.h)
FireBird Error: Unable to complete network request to host "localhost". - code: 335544721 (see iberr.h)
FireBird Error: Unable to complete network request to host "localhost". - code: 335544721 (see iberr.h)
FireBird Error: I/O error for file "C:\SIAC\SISCOM.GDB" - code: 335544344 (see iberr.h)
FireBird Error: create database - code: 335544375 (see iberr.h)
FireBird Error: create database - code: 335544375 (see iberr.h)
FireBird Error: create database - code: 335544375 (see iberr.h)
FireBird Error: file C:\HELIO\SIACHB\SISCOM.GDB is not a valid database - code: 335544323 (see iberr.h)
FireBird Error: I/O error for file "C:\USERS\HELIO\DESKTOP\ANYDESK\TREVO" - code: 335544344 (see iberr.h)
FireBird Error: Unable to complete network request to host "10.0.0.99". - code: 335544721 (see iberr.h)
FireBird Error: Unable to complete network request to host "10.0.0.99". - code: 335544721 (see iberr.h)
FireBird Error: create database - code: 335544375 (see iberr.h)
FireBird Error: create database - code: 335544375 (see iberr.h)
FireBird Error: create database - code: 335544375 (see iberr.h)
FireBird Error: Unable to complete network request to host "10.0.0.99". - code: 335544721 (see iberr.h)
FireBird Error: Unable to complete network request to host "10.0.0.99". - code: 335544721 (see iberr.h)
FireBird Error: I/O error for file "C:\SIAC\SISCOM.GDB" - code: 335544344 (see iberr.h)
FireBird Error: I/O error for file "C:\SIAC\SISCOM.GDB" - code: 335544344 (see iberr.h)
FireBird Error: I/O error for file "C:\SIAC\SISCOM.GDB" - code: 335544344 (see iberr.h)
FireBird Error: I/O error for file "C:\SIAC\SISCOM.GDB" - code: 335544344 (see iberr.h)
FireBird Error: Unable to complete network request to host "localhost". - code: 335544721 (see iberr.h)
FireBird Error: Unable to complete network request to host "localhost". - code: 335544721 (see iberr.h)
FireBird Error: I/O error during "@1" operation for file "@2" - code: 335544344 (see iberr.h)
FireBird Error: I/O error during "@1" operation for file "@2" - code: 335544344 (see iberr.h)
FireBird Error: unknown ISC error 335545106 - code: 335545106 (see iberr.h)
FireBird Error: unknown ISC error 335545106 - code: 335545106 (see iberr.h)
FireBird Error: unknown ISC error 335545106 - code: 335545106 (see iberr.h)
FireBird Error: connection rejected by remote interface - code: 335544421 (see iberr.h)
FireBird Error: connection rejected by remote interface - code: 335544421 (see iberr.h)
FireBird Error: connection rejected by remote interface - code: 335544421 (see iberr.h)
FireBird Error: connection rejected by remote interface - code: 335544421 (see iberr.h)
FireBird Error: connection rejected by remote interface - code: 335544421 (see iberr.h)
FireBird Error: connection rejected by remote interface - code: 335544421 (see iberr.h)
FireBird Error: connection rejected by remote interface - code: 335544421 (see iberr.h)
FireBird Error: connection rejected by remote interface - code: 335544421 (see iberr.h)
FireBird Error: connection rejected by remote interface - code: 335544421 (see iberr.h)
FireBird Error: connection rejected by remote interface - code: 335544421 (see iberr.h)
FireBird Error: connection rejected by remote interface - code: 335544421 (see iberr.h)
FireBird Error: connection rejected by remote interface - code: 335544421 (see iberr.h)
FireBird Error: connection rejected by remote interface - code: 335544421 (see iberr.h)
FireBird Error: connection rejected by remote interface - code: 335544421 (see iberr.h)
FireBird Error: connection rejected by remote interface - code: 335544421 (see iberr.h)
FireBird Error: connection rejected by remote interface - code: 335544421 (see iberr.h)
FireBird Error: connection rejected by remote interface - code: 335544421 (see iberr.h)
FireBird Error: connection rejected by remote interface - code: 335544421 (see iberr.h)
FireBird Error: connection rejected by remote interface - code: 335544421 (see iberr.h)
FireBird Error: connection rejected by remote interface - code: 335544421 (see iberr.h)
FireBird Error: connection rejected by remote interface - code: 335544421 (see iberr.h)
FireBird Error: connection rejected by remote interface - code: 335544421 (see iberr.h)
FireBird Error: connection rejected by remote interface - code: 335544421 (see iberr.h)
FireBird Error: unsupported on-disk structure for file C:\HELIO\SIACHB\SISCOM.GDB; found 12, support 0 - code: 335544379 (see iberr.h)
FireBird Error: unsupported on-disk structure for file C:\HELIO\SIACHB\SISCOM.GDB; found 12, support 0 - code: 335544379 (see iberr.h)
FireBird Error: unsupported on-disk structure for file C:\HELIO\SIACHB\SISCOM.GDB; found 12, support 0 - code: 335544379 (see iberr.h)
FireBird Error: unsupported on-disk structure for file C:\HELIO\SIACHB\SISCOM.GDB; found 12, support 0 - code: 335544379 (see iberr.h)
FireBird Error: unsupported on-disk structure for file C:\HELIO\SIACHB\SISCOM.GDB; found 12, support 0 - code: 335544379 (see iberr.h)
FireBird Error: unsupported on-disk structure for file C:\HELIO\SIACHB\SISCOM.GDB; found 32779, support 10 - code: 335544379 (see iberr.h)
FireBird Error: I/O error for file "C:\SIAC\SISCOM.GDB" - code: 335544344 (see iberr.h)
FireBird Error: I/O error for file "C:\BACKUP_HTI\ANYDESK\JURERE-DOCE GOSTO\SISCOM.GDB" - code: 335544344 (see iberr.h)
FireBird Error: I/O error for file "C:\BACKUP_HTI\ANYDESK\JURERE-DOCE GOSTO\SISCOM.GDB" - code: 335544344 (see iberr.h)
FireBird Error: create database - code: 335544375 (see iberr.h)
FireBird Error: unsupported on-disk structure for file C:\HELIO\SIACHB\SISCOM.GDB; found 13.0, support 11.2 - code: 335544379 (see iberr.h)
FireBird Error: create database - code: 335544375 (see iberr.h)
FireBird Error: create database - code: 335544375 (see iberr.h)
FireBird Error: create database - code: 335544375 (see iberr.h)
FireBird Error: create database - code: 335544375 (see iberr.h)
FireBird Error: I/O error for file "C:\HELIO\SIACHB\SISCOM.GDB" - code: 335544344 (see iberr.h)
